Line 23: Class MSAdodcLib.Adodc of control data1 was not a loaded control class.
Line 215: Class Project1.Button of control Button1 was not a loaded control class.
Line 244: Class Project1.Buttonl of control Button was not a loaded control class.
Line 255: Class Project1.Buttonl of control Button was not a loaded control class.
Line 266: Class Project1.Buttonl of control Button was not a loaded control class.
Line 277: Class Project1.Buttonl of control Button was not a loaded control class.
Line 288: Class Project1.Buttonl of control Button was not a loaded control class.
Line 299: Class Project1.Buttonl of control Button was not a loaded control class.
Line 310: Class Project1.Buttonl of control Button was not a loaded control class.
Line 321: Class Project1.Buttonl of control Button was not a loaded control class.
Line 29: The property name _ExtentX in data1 is invalid.
Line 30: The property name _ExtentY in data1 is invalid.
Line 31: The property name ConnectMode in data1 is invalid.
Line 32: The property name CursorLocation in data1 is invalid.
Line 33: The property name IsolationLevel in data1 is invalid.
Line 34: The property name ConnectionTimeout in data1 is invalid.
Line 35: The property name CommandTimeout in data1 is invalid.
Line 36: The property name CursorType in data1 is invalid.
Line 37: The property name LockType in data1 is invalid.
Line 38: The property name CommandType in data1 is invalid.
Line 39: The property name CursorOptions in data1 is invalid.
Line 40: The property name CacheSize in data1 is invalid.
Line 41: The property name MaxRecords in data1 is invalid.
Line 42: The property name BOFAction in data1 is invalid.
Line 43: The property name EOFAction in data1 is invalid.
Line 44: The property name ConnectStringType in data1 is invalid.
Line 48: The property name Orientation in data1 is invalid.
Line 50: The property name Connect in data1 is invalid.
Line 51: The property name OLEDBString in data1 is invalid.
Line 52: The property name OLEDBFile in data1 is invalid.
Line 53: The property name DataSourceName in data1 is invalid.
Line 54: The property name OtherAttributes in data1 is invalid.
Line 55: The property name UserName in data1 is invalid.
Line 56: The property name Password in data1 is invalid.
Line 57: The property name RecordSource in data1 is invalid.
Line 58: The property name Caption in data1 is invalid.
Line 68: The property name _Version in data1 is invalid.
Line 221: The property name _ExtentX in Button1 is invalid.
Line 222: The property name _ExtentY in Button1 is invalid.
Line 223: The property name Caption in Button1 is invalid.
Line 251: The property name _ExtentX in Button is invalid.
Line 252: The property name _ExtentY in Button is invalid.
Line 253: The property name Caption in Button is invalid.
Line 262: The property name _ExtentX in Button is invalid.
Line 263: The property name _ExtentY in Button is invalid.
Line 264: The property name Caption in Button is invalid.
Line 273: The property name _ExtentX in Button is invalid.
Line 274: The property name _ExtentY in Button is invalid.
Line 275: The property name Caption in Button is invalid.
Line 284: The property name _ExtentX in Button is invalid.
Line 285: The property name _ExtentY in Button is invalid.
Line 286: The property name Caption in Button is invalid.
Line 295: The property name _ExtentX in Button is invalid.
Line 296: The property name _ExtentY in Button is invalid.
Line 297: The property name Caption in Button is invalid.
Line 306: The property name _ExtentX in Button is invalid.
Line 307: The property name _ExtentY in Button is invalid.
Line 308: The property name Caption in Button is invalid.
Line 317: The property name _ExtentX in Button is invalid.
Line 318: The property name _ExtentY in Button is invalid.
Line 319: The property name Caption in Button is invalid.
Line 328: The property name _ExtentX in Button is invalid.
Line 329: The property name _ExtentY in Button is invalid.
Line 330: The property name Caption in Button is invalid.
